<?xml version="1.0" encoding="UTF-8"?>
<coverage generated="1609615382351" clover="3.2.0">
  <project timestamp="1609615382351" name="All files">
    <metrics statements="23" coveredstatements="18" conditionals="6" coveredconditionals="3" methods="8" coveredmethods="6" elements="37" coveredelements="27" complexity="0" loc="23" ncloc="23" packages="1" files="1" classes="1"/>
    <file name="functions.js" path="/home/pape/CODE/TESTING/functions.js">
      <metrics statements="23" coveredstatements="18" conditionals="6" coveredconditionals="3" methods="8" coveredmethods="6"/>
      <line num="2" count="1" type="stmt"/>
      <line num="4" count="2" type="stmt"/>
      <line num="5" count="1" type="stmt"/>
      <line num="6" count="1" type="stmt"/>
      <line num="7" count="3" type="stmt"/>
      <line num="14" count="1" type="stmt"/>
      <line num="15" count="1" type="stmt"/>
      <line num="16" count="1" type="stmt"/>
      <line num="17" count="1" type="stmt"/>
      <line num="18" count="1" type="stmt"/>
      <line num="19" count="1" type="cond" truecount="1" falsecount="1"/>
      <line num="20" count="1" type="stmt"/>
      <line num="21" count="21" type="cond" truecount="2" falsecount="0"/>
      <line num="22" count="3" type="stmt"/>
      <line num="23" count="3" type="stmt"/>
      <line num="24" count="3" type="stmt"/>
      <line num="27" count="0" type="stmt"/>
      <line num="28" count="0" type="cond" truecount="0" falsecount="2"/>
      <line num="29" count="0" type="stmt"/>
      <line num="30" count="0" type="stmt"/>
      <line num="31" count="0" type="stmt"/>
      <line num="34" count="1" type="stmt"/>
      <line num="38" count="1" type="stmt"/>
    </file>
  </project>
</coverage>
