{"/home/pape/CODE/TESTING/functions.js": {"path":"/home/pape/CODE/TESTING/functions.js","statementMap":{"0":{"start":{"line":2,"column":14},"end":{"line":2,"column":35}},"1":{"start":{"line":4,"column":12},"end":{"line":4,"column":27}},"2":{"start":{"line":4,"column":22},"end":{"line":4,"column":27}},"3":{"start":{"line":5,"column":17},"end":{"line":5,"column":32}},"4":{"start":{"line":5,"column":27},"end":{"line":5,"column":32}},"5":{"start":{"line":6,"column":15},"end":{"line":6,"column":25}},"6":{"start":{"line":6,"column":21},"end":{"line":6,"column":25}},"7":{"start":{"line":7,"column":16},"end":{"line":7,"column":24}},"8":{"start":{"line":7,"column":23},"end":{"line":7,"column":24}},"9":{"start":{"line":14,"column":18},"end":{"line":14,"column":59}},"10":{"start":{"line":14,"column":27},"end":{"line":14,"column":59}},"11":{"start":{"line":15,"column":18},"end":{"line":35,"column":1}},"12":{"start":{"line":16,"column":22},"end":{"line":16,"column":24}},"13":{"start":{"line":17,"column":14},"end":{"line":17,"column":15}},"14":{"start":{"line":18,"column":14},"end":{"line":18,"column":21}},"15":{"start":{"line":19,"column":4},"end":{"line":33,"column":5}},"16":{"start":{"line":20,"column":8},"end":{"line":25,"column":9}},"17":{"start":{"line":21,"column":27},"end":{"line":21,"column":81}},"18":{"start":{"line":21,"column":52},"end":{"line":21,"column":80}},"19":{"start":{"line":22,"column":12},"end":{"line":22,"column":22}},"20":{"start":{"line":23,"column":12},"end":{"line":23,"column":22}},"21":{"start":{"line":24,"column":12},"end":{"line":24,"column":38}},"22":{"start":{"line":27,"column":8},"end":{"line":32,"column":9}},"23":{"start":{"line":28,"column":27},"end":{"line":28,"column":81}},"24":{"start":{"line":28,"column":52},"end":{"line":28,"column":80}},"25":{"start":{"line":29,"column":12},"end":{"line":29,"column":22}},"26":{"start":{"line":30,"column":12},"end":{"line":30,"column":22}},"27":{"start":{"line":31,"column":12},"end":{"line":31,"column":38}},"28":{"start":{"line":34,"column":4},"end":{"line":34,"column":22}},"29":{"start":{"line":38,"column":0},"end":{"line":38,"column":74}}},"fnMap":{"0":{"name":"(anonymous_0)","decl":{"start":{"line":4,"column":12},"end":{"line":4,"column":13}},"loc":{"start":{"line":4,"column":22},"end":{"line":4,"column":27}},"line":4},"1":{"name":"(anonymous_1)","decl":{"start":{"line":5,"column":17},"end":{"line":5,"column":18}},"loc":{"start":{"line":5,"column":27},"end":{"line":5,"column":32}},"line":5},"2":{"name":"(anonymous_2)","decl":{"start":{"line":6,"column":15},"end":{"line":6,"column":16}},"loc":{"start":{"line":6,"column":21},"end":{"line":6,"column":25}},"line":6},"3":{"name":"(anonymous_3)","decl":{"start":{"line":7,"column":16},"end":{"line":7,"column":17}},"loc":{"start":{"line":7,"column":23},"end":{"line":7,"column":24}},"line":7},"4":{"name":"(anonymous_4)","decl":{"start":{"line":14,"column":18},"end":{"line":14,"column":19}},"loc":{"start":{"line":14,"column":27},"end":{"line":14,"column":59}},"line":14},"5":{"name":"(anonymous_5)","decl":{"start":{"line":15,"column":18},"end":{"line":15,"column":19}},"loc":{"start":{"line":15,"column":32},"end":{"line":35,"column":1}},"line":15},"6":{"name":"(anonymous_6)","decl":{"start":{"line":21,"column":38},"end":{"line":21,"column":39}},"loc":{"start":{"line":21,"column":52},"end":{"line":21,"column":80}},"line":21},"7":{"name":"(anonymous_7)","decl":{"start":{"line":28,"column":38},"end":{"line":28,"column":39}},"loc":{"start":{"line":28,"column":52},"end":{"line":28,"column":80}},"line":28}},"branchMap":{"0":{"loc":{"start":{"line":19,"column":4},"end":{"line":33,"column":5}},"type":"if","locations":[{"start":{"line":19,"column":4},"end":{"line":33,"column":5}},{"start":{"line":19,"column":4},"end":{"line":33,"column":5}}],"line":19},"1":{"loc":{"start":{"line":21,"column":52},"end":{"line":21,"column":80}},"type":"binary-expr","locations":[{"start":{"line":21,"column":52},"end":{"line":21,"column":64}},{"start":{"line":21,"column":68},"end":{"line":21,"column":80}}],"line":21},"2":{"loc":{"start":{"line":28,"column":52},"end":{"line":28,"column":80}},"type":"binary-expr","locations":[{"start":{"line":28,"column":52},"end":{"line":28,"column":64}},{"start":{"line":28,"column":68},"end":{"line":28,"column":80}}],"line":28}},"s":{"0":1,"1":1,"2":2,"3":1,"4":1,"5":1,"6":1,"7":1,"8":3,"9":1,"10":0,"11":1,"12":1,"13":1,"14":1,"15":1,"16":1,"17":3,"18":21,"19":3,"20":3,"21":3,"22":0,"23":0,"24":0,"25":0,"26":0,"27":0,"28":1,"29":1},"f":{"0":2,"1":1,"2":1,"3":3,"4":0,"5":1,"6":21,"7":0},"b":{"0":[1,0],"1":[21,12],"2":[0,0]},"_coverageSchema":"1a1c01bbd47fc00a2c39e90264f33305004495a9","hash":"686dfae283a013463bc593a6208d82f59b59c556"}
}
